Using pre-set license
Built from '2020.3/staging' branch; Version is '2020.3.26f1 (7298b473bc1a) revision 7510196'; Using compiler version '192528614'; Build Type 'Release'
OS: 'Windows 11  (10.0.22000) 64bit Professional' Language: 'en' Physical Memory: 16241 MB
BatchMode: 1, IsHumanControllingUs: 0, StartBugReporterOnCrash: 0, Is64bit: 1, IsPro: 0

COMMAND LINE ARGUMENTS:
C:\Program Files\Unity\Hub\Editor\2020.3.26f1\Editor\Unity.exe
-adb2
-batchMode
-noUpm
-name
AssetImportWorker0
-projectPath
C:/Users/alita/Desktop/Unity Game Projects/JUMP_KİNG_CLONE
-logFile
Logs/AssetImportWorker0.log
-srvPort
55348
Successfully changed project path to: C:/Users/alita/Desktop/Unity Game Projects/JUMP_KİNG_CLONE
C:/Users/alita/Desktop/Unity Game Projects/JUMP_KİNG_CLONE
Using Asset Import Pipeline V2.
Refreshing native plugins compatible for Editor in 62.35 ms, found 3 plugins.
Preloading 0 native plugins for Editor in 0.00 ms.
Initialize engine version: 2020.3.26f1 (7298b473bc1a)
[Subsystems] Discovering subsystems at path C:/Program Files/Unity/Hub/Editor/2020.3.26f1/Editor/Data/Resources/UnitySubsystems
[Subsystems] Discovering subsystems at path C:/Users/alita/Desktop/Unity Game Projects/JUMP_KİNG_CLONE/Assets
GfxDevice: creating device client; threaded=0
Direct3D:
    Version:  Direct3D 11.0 [level 11.1]
    Renderer: NVIDIA GeForce GTX 1650 (ID=0x1f91)
    Vendor:   
    VRAM:     3962 MB
    Driver:   30.0.15.1179
Initialize mono
Mono path[0] = 'C:/Program Files/Unity/Hub/Editor/2020.3.26f1/Editor/Data/Managed'
Mono path[1] = 'C:/Program Files/Unity/Hub/Editor/2020.3.26f1/Editor/Data/MonoBleedingEdge/lib/mono/unityjit'
Mono config path = 'C:/Program Files/Unity/Hub/Editor/2020.3.26f1/Editor/Data/MonoBleedingEdge/etc'
Using monoOptions --debugger-agent=transport=dt_socket,embedding=1,server=y,suspend=n,address=127.0.0.1:56332
Begin MonoManager ReloadAssembly
Registering precompiled unity dll's ...
Register platform support module: C:/Program Files/Unity/Hub/Editor/2020.3.26f1/Editor/Data/PlaybackEngines/WebGLSupport/UnityEditor.WebGL.Extensions.dll
Register platform support module: C:/Program Files/Unity/Hub/Editor/2020.3.26f1/Editor/Data/PlaybackEngines/WindowsStandaloneSupport/UnityEditor.WindowsStandalone.Extensions.dll
Registered in 0.001587 seconds.
Native extension for WindowsStandalone target not found
Native extension for WebGL target not found
Refreshing native plugins compatible for Editor in 52.12 ms, found 3 plugins.
Preloading 0 native plugins for Editor in 0.00 ms.
Mono: successfully reloaded assembly
- Completed reload, in  0.669 seconds
Domain Reload Profiling:
	ReloadAssembly (669ms)
		BeginReloadAssembly (52ms)
			ExecutionOrderSort (0ms)
			DisableScriptedObjects (0ms)
			BackupInstance (0ms)
			ReleaseScriptingObjects (0ms)
			CreateAndSetChildDomain (1ms)
		EndReloadAssembly (517ms)
			LoadAssemblies (51ms)
			RebuildTransferFunctionScriptingTraits (0ms)
			SetupTypeCache (168ms)
			ReleaseScriptCaches (0ms)
			RebuildScriptCaches (35ms)
			SetupLoadedEditorAssemblies (202ms)
				LogAssemblyErrors (0ms)
				InitializePlatformSupportModulesInManaged (5ms)
				SetLoadedEditorAssemblies (0ms)
				RefreshPlugins (52ms)
				BeforeProcessingInitializeOnLoad (12ms)
				ProcessInitializeOnLoadAttributes (92ms)
				ProcessInitializeOnLoadMethodAttributes (39ms)
				AfterProcessingInitializeOnLoad (0ms)
				EditorAssembliesLoaded (0ms)
			ExecutionOrderSort2 (0ms)
			AwakeInstancesAfterBackupRestoration (0ms)
Platform modules already initialized, skipping
Registering precompiled user dll's ...
Registered in 0.003901 seconds.
Begin MonoManager ReloadAssembly
Native extension for WindowsStandalone target not found
Native extension for WebGL target not found
Refreshing native plugins compatible for Editor in 51.99 ms, found 3 plugins.
Preloading 0 native plugins for Editor in 0.00 ms.
Mono: successfully reloaded assembly
- Completed reload, in  1.112 seconds
Domain Reload Profiling:
	ReloadAssembly (1112ms)
		BeginReloadAssembly (135ms)
			ExecutionOrderSort (0ms)
			DisableScriptedObjects (5ms)
			BackupInstance (0ms)
			ReleaseScriptingObjects (0ms)
			CreateAndSetChildDomain (18ms)
		EndReloadAssembly (922ms)
			LoadAssemblies (97ms)
			RebuildTransferFunctionScriptingTraits (0ms)
			SetupTypeCache (336ms)
			ReleaseScriptCaches (1ms)
			RebuildScriptCaches (48ms)
			SetupLoadedEditorAssemblies (324ms)
				LogAssemblyErrors (0ms)
				InitializePlatformSupportModulesInManaged (4ms)
				SetLoadedEditorAssemblies (0ms)
				RefreshPlugins (52ms)
				BeforeProcessingInitializeOnLoad (72ms)
				ProcessInitializeOnLoadAttributes (177ms)
				ProcessInitializeOnLoadMethodAttributes (14ms)
				AfterProcessingInitializeOnLoad (5ms)
				EditorAssembliesLoaded (0ms)
			ExecutionOrderSort2 (0ms)
			AwakeInstancesAfterBackupRestoration (6ms)
Platform modules already initialized, skipping
========================================================================
Worker process is ready to serve import requests
Launched and connected shader compiler UnityShaderCompiler.exe after 0.08 seconds
Refreshing native plugins compatible for Editor in 0.48 ms, found 3 plugins.
Preloading 0 native plugins for Editor in 0.00 ms.
Unloading 2200 Unused Serialized files (Serialized files now loaded: 0)
System memory in use before: 95.9 MB.
System memory in use after: 96.0 MB.

Unloading 28 unused Assets to reduce memory usage. Loaded Objects now: 2633.
Total: 3.352200 ms (FindLiveObjects: 0.177800 ms CreateObjectMapping: 0.086200 ms MarkObjects: 3.005200 ms  DeleteObjects: 0.081200 ms)

AssetImportParameters requested are different than current active one (requested -> active):
  custom:framework-win-MediaFoundation: 216162199b28c13a410421893ffa2e32 -> 
  custom:video-decoder-ogg-theora: a1e56fd34408186e4bbccfd4996cb3dc -> 
  custom:container-muxer-webm: aa71ff27fc2769a1b78a27578f13a17b -> 
  custom:container-demuxer-webm: 4f35f7cbe854078d1ac9338744f61a02 -> 
  custom:container-demuxer-ogg: 62fdf1f143b41e24485cea50d1cbac27 -> 
  custom:video-encoder-webm-vp8: eb34c28f22e8b96e1ab97ce403110664 -> 
  custom:video-decoder-webm-vp8: 9c59270c3fd7afecdb556c50c9e8de78 -> 
  custom:audio-decoder-ogg-vorbis: bf7c407c2cedff20999df2af8eb42d56 -> 
  custom:audio-encoder-webm-vorbis: bf7c407c2cedff20999df2af8eb42d56 -> 
========================================================================
Received Import Request.
  path: Assets/Iconic2048x2048.png
  artifactKey: Guid(e13a37e6723136c4c917d1af1b418ac2) Importer(815301076,1909f56bfc062723c751e8b465ee728b)
Start importing Assets/Iconic2048x2048.png using Guid(e13a37e6723136c4c917d1af1b418ac2) Importer(815301076,1909f56bfc062723c751e8b465ee728b)  -> (artifact id: '08638445d10d4a6c2c6c403aa363c229') in 0.725397 seconds 
  Import took 0.730356 seconds .

========================================================================
Received Import Request.
  Time since last request: 0.000290 seconds.
  path: Assets/1.png
  artifactKey: Guid(d1c9b1cc6a596894489c347cf784f4c3) Importer(815301076,1909f56bfc062723c751e8b465ee728b)
Start importing Assets/1.png using Guid(d1c9b1cc6a596894489c347cf784f4c3) Importer(815301076,1909f56bfc062723c751e8b465ee728b)  -> (artifact id: 'e1caee9bbfd779407792df7e07d59241') in 0.073114 seconds 
  Import took 0.076909 seconds .

========================================================================
Received Import Request.
  Time since last request: 0.000144 seconds.
  path: Assets/tiles.png
  artifactKey: Guid(de1f4b319d238fc4b904841696e48eba) Importer(815301076,1909f56bfc062723c751e8b465ee728b)
Start importing Assets/tiles.png using Guid(de1f4b319d238fc4b904841696e48eba) Importer(815301076,1909f56bfc062723c751e8b465ee728b)  -> (artifact id: '00af7dcbae02071344b9659eb1e94ed7') in 0.960158 seconds 
  Import took 0.964797 seconds .

========================================================================
Received Import Request.
  Time since last request: 0.000212 seconds.
  path: Assets/yeni_karakter_asset.png
  artifactKey: Guid(b999166163744c54e8e8bab5def6786a) Importer(815301076,1909f56bfc062723c751e8b465ee728b)
Start importing Assets/yeni_karakter_asset.png using Guid(b999166163744c54e8e8bab5def6786a) Importer(815301076,1909f56bfc062723c751e8b465ee728b)  -> (artifact id: '200b992060e1cb14f57a2a181ebc6055') in 0.047020 seconds 
  Import took 0.050572 seconds .

========================================================================
Received Import Request.
  Time since last request: 0.000126 seconds.
  path: Assets/New Palette.prefab
  artifactKey: Guid(bab6e4e8c6a688e46b3479a5703db93b) Importer(815301076,1909f56bfc062723c751e8b465ee728b)
Start importing Assets/New Palette.prefab using Guid(bab6e4e8c6a688e46b3479a5703db93b) Importer(815301076,1909f56bfc062723c751e8b465ee728b)  -> (artifact id: 'c63ee203399b4ee7e5928a918cd8afe2') in 0.155765 seconds 
  Import took 0.163331 seconds .

========================================================================
Received Import Request.
  Time since last request: 2.514515 seconds.
  path: Assets/Scenes/ana menu.unity
  artifactKey: Guid(35ed11160ae25b34f98ec226c9642160) Importer(815301076,1909f56bfc062723c751e8b465ee728b)
Start importing Assets/Scenes/ana menu.unity using Guid(35ed11160ae25b34f98ec226c9642160) Importer(815301076,1909f56bfc062723c751e8b465ee728b)  -> (artifact id: '16ddab262090cd9f8d9d10e3a6e45ebe') in 0.005032 seconds 
  Import took 0.008161 seconds .

========================================================================
Received Import Request.
  Time since last request: 31.570071 seconds.
  path: Assets/resimler/Baslksz-1.jpg
  artifactKey: Guid(2ea60cee288b7d243ab984b881ad7c58) Importer(815301076,1909f56bfc062723c751e8b465ee728b)
Start importing Assets/resimler/Baslksz-1.jpg using Guid(2ea60cee288b7d243ab984b881ad7c58) Importer(815301076,1909f56bfc062723c751e8b465ee728b)  -> (artifact id: 'd0dddca752654829d7ef7cc9f2a1d40b') in 0.021904 seconds 
  Import took 0.026052 seconds .

========================================================================
Received Prepare
Registering precompiled user dll's ...
Registered in 0.003683 seconds.
Begin MonoManager ReloadAssembly
Native extension for WindowsStandalone target not found
Native extension for WebGL target not found
Refreshing native plugins compatible for Editor in 0.49 ms, found 3 plugins.
Preloading 0 native plugins for Editor in 0.00 ms.
Mono: successfully reloaded assembly
- Completed reload, in  1.006 seconds
Domain Reload Profiling:
	ReloadAssembly (1006ms)
		BeginReloadAssembly (111ms)
			ExecutionOrderSort (0ms)
			DisableScriptedObjects (5ms)
			BackupInstance (0ms)
			ReleaseScriptingObjects (0ms)
			CreateAndSetChildDomain (35ms)
		EndReloadAssembly (838ms)
			LoadAssemblies (75ms)
			RebuildTransferFunctionScriptingTraits (0ms)
			SetupTypeCache (275ms)
			ReleaseScriptCaches (1ms)
			RebuildScriptCaches (63ms)
			SetupLoadedEditorAssemblies (307ms)
				LogAssemblyErrors (0ms)
				InitializePlatformSupportModulesInManaged (5ms)
				SetLoadedEditorAssemblies (1ms)
				RefreshPlugins (1ms)
				BeforeProcessingInitializeOnLoad (92ms)
				ProcessInitializeOnLoadAttributes (194ms)
				ProcessInitializeOnLoadMethodAttributes (10ms)
				AfterProcessingInitializeOnLoad (4ms)
				EditorAssembliesLoaded (0ms)
			ExecutionOrderSort2 (0ms)
			AwakeInstancesAfterBackupRestoration (8ms)
Platform modules already initialized, skipping
Refreshing native plugins compatible for Editor in 0.54 ms, found 3 plugins.
Preloading 0 native plugins for Editor in 0.00 ms.
Unloading 2190 Unused Serialized files (Serialized files now loaded: 0)
System memory in use before: 99.1 MB.
System memory in use after: 99.2 MB.

Unloading 17 unused Assets to reduce memory usage. Loaded Objects now: 2678.
Total: 3.112300 ms (FindLiveObjects: 0.212100 ms CreateObjectMapping: 0.154000 ms MarkObjects: 2.727400 ms  DeleteObjects: 0.017800 ms)

AssetImportParameters requested are different than current active one (requested -> active):
  custom:framework-win-MediaFoundation: 216162199b28c13a410421893ffa2e32 -> 
  custom:video-decoder-ogg-theora: a1e56fd34408186e4bbccfd4996cb3dc -> 
  custom:container-muxer-webm: aa71ff27fc2769a1b78a27578f13a17b -> 
  custom:container-demuxer-webm: 4f35f7cbe854078d1ac9338744f61a02 -> 
  custom:container-demuxer-ogg: 62fdf1f143b41e24485cea50d1cbac27 -> 
  custom:video-encoder-webm-vp8: eb34c28f22e8b96e1ab97ce403110664 -> 
  custom:video-decoder-webm-vp8: 9c59270c3fd7afecdb556c50c9e8de78 -> 
  custom:audio-decoder-ogg-vorbis: bf7c407c2cedff20999df2af8eb42d56 -> 
  custom:audio-encoder-webm-vorbis: bf7c407c2cedff20999df2af8eb42d56 -> 
========================================================================
Received Import Request.
  Time since last request: 231.622458 seconds.
  path: Assets/sesler/187025__lloydevans09__jump1.wav
  artifactKey: Guid(c6530057780a0764d96fbe80a6a590d6) Importer(815301076,1909f56bfc062723c751e8b465ee728b)
Start importing Assets/sesler/187025__lloydevans09__jump1.wav using Guid(c6530057780a0764d96fbe80a6a590d6) Importer(815301076,1909f56bfc062723c751e8b465ee728b)  -> (artifact id: 'efb3cc185565f708b93311176990ba3c') in 0.048675 seconds 
  Import took 0.053291 seconds .

========================================================================
Received Import Request.
  Time since last request: 0.000280 seconds.
  path: Assets/sesler/351807__plasterbrain__laser-charging.ogg
  artifactKey: Guid(6d0cb048fb566294bb88cbaaf6d2291c) Importer(815301076,1909f56bfc062723c751e8b465ee728b)
Start importing Assets/sesler/351807__plasterbrain__laser-charging.ogg using Guid(6d0cb048fb566294bb88cbaaf6d2291c) Importer(815301076,1909f56bfc062723c751e8b465ee728b)  -> (artifact id: 'd54088448bf44d12bfa0a7fc7c49c734') in 0.043892 seconds 
  Import took 0.046662 seconds .

========================================================================
Received Import Request.
  Time since last request: 0.663466 seconds.
  path: Assets/tilesler/tiles_0.asset
  artifactKey: Guid(c66ca05512ce2f24c92c64580380097e) Importer(815301076,1909f56bfc062723c751e8b465ee728b)
Start importing Assets/tilesler/tiles_0.asset using Guid(c66ca05512ce2f24c92c64580380097e) Importer(815301076,1909f56bfc062723c751e8b465ee728b)  -> (artifact id: 'e673e2b1fc5defe27816d60b60662561') in 0.019488 seconds 
  Import took 0.023037 seconds .

========================================================================
Received Import Request.
  Time since last request: 0.000289 seconds.
  path: Assets/tilesler/tiles_6.asset
  artifactKey: Guid(31775888966735441846ec7b7434b1bd) Importer(815301076,1909f56bfc062723c751e8b465ee728b)
Start importing Assets/tilesler/tiles_6.asset using Guid(31775888966735441846ec7b7434b1bd) Importer(815301076,1909f56bfc062723c751e8b465ee728b)  -> (artifact id: 'e1e4aaca75fc55b32f493d2491361cbb') in 0.009204 seconds 
  Import took 0.012504 seconds .

========================================================================
Received Import Request.
  Time since last request: 0.000307 seconds.
  path: Assets/tilesler/tiles_8.asset
  artifactKey: Guid(5457db1e287c5f248a79b45274ff55ad) Importer(815301076,1909f56bfc062723c751e8b465ee728b)
Start importing Assets/tilesler/tiles_8.asset using Guid(5457db1e287c5f248a79b45274ff55ad) Importer(815301076,1909f56bfc062723c751e8b465ee728b)  -> (artifact id: '3b419cc5bfc330914cb40940ff556333') in 0.011340 seconds 
  Import took 0.015485 seconds .

========================================================================
Received Import Request.
  Time since last request: 0.000265 seconds.
  path: Assets/tilesler/tiles_5.asset
  artifactKey: Guid(a4bd7d33b008bd1438ec17e4b6ea98c2) Importer(815301076,1909f56bfc062723c751e8b465ee728b)
Start importing Assets/tilesler/tiles_5.asset using Guid(a4bd7d33b008bd1438ec17e4b6ea98c2) Importer(815301076,1909f56bfc062723c751e8b465ee728b)  -> (artifact id: 'cbcf230bdbdff440e78042bf9a2f7bee') in 0.012034 seconds 
  Import took 0.015715 seconds .

========================================================================
Received Import Request.
  Time since last request: 0.000258 seconds.
  path: Assets/tilesler/tiles_9.asset
  artifactKey: Guid(85111fb9306d29e428c1e6ec8ed93b10) Importer(815301076,1909f56bfc062723c751e8b465ee728b)
Start importing Assets/tilesler/tiles_9.asset using Guid(85111fb9306d29e428c1e6ec8ed93b10) Importer(815301076,1909f56bfc062723c751e8b465ee728b)  -> (artifact id: '8a0e40dff57fb5004ebbf820cf133934') in 0.011161 seconds 
  Import took 0.014707 seconds .

========================================================================
Received Import Request.
  Time since last request: 0.000475 seconds.
  path: Assets/tilesler/tiles_1.asset
  artifactKey: Guid(29ef864ab3202b540aa5debaaa09d89c) Importer(815301076,1909f56bfc062723c751e8b465ee728b)
Start importing Assets/tilesler/tiles_1.asset using Guid(29ef864ab3202b540aa5debaaa09d89c) Importer(815301076,1909f56bfc062723c751e8b465ee728b)  -> (artifact id: 'a49f1f8a07a902313a984a4582098ce3') in 0.011387 seconds 
  Import took 0.015666 seconds .

========================================================================
Received Import Request.
  Time since last request: 0.000372 seconds.
  path: Assets/tilesler/tiles_4.asset
  artifactKey: Guid(00fa6d142d6f98143b3fa3a67a52d89b) Importer(815301076,1909f56bfc062723c751e8b465ee728b)
Start importing Assets/tilesler/tiles_4.asset using Guid(00fa6d142d6f98143b3fa3a67a52d89b) Importer(815301076,1909f56bfc062723c751e8b465ee728b)  -> (artifact id: '0a38e8ae65bee0dd3b78f3177dd3ee1e') in 0.011118 seconds 
  Import took 0.014667 seconds .

========================================================================
Received Import Request.
  Time since last request: 0.000232 seconds.
  path: Assets/tilesler/tiles_3.asset
  artifactKey: Guid(7424387a92e721c43a522f975c95caf5) Importer(815301076,1909f56bfc062723c751e8b465ee728b)
Start importing Assets/tilesler/tiles_3.asset using Guid(7424387a92e721c43a522f975c95caf5) Importer(815301076,1909f56bfc062723c751e8b465ee728b)  -> (artifact id: 'a546ef83aa76b119f29de852e64e5b75') in 0.010330 seconds 
  Import took 0.014070 seconds .

========================================================================
Received Import Request.
  Time since last request: 0.000296 seconds.
  path: Assets/tilesler/tiles_7.asset
  artifactKey: Guid(748208b55952b254e820e4d67a32299b) Importer(815301076,1909f56bfc062723c751e8b465ee728b)
Start importing Assets/tilesler/tiles_7.asset using Guid(748208b55952b254e820e4d67a32299b) Importer(815301076,1909f56bfc062723c751e8b465ee728b)  -> (artifact id: '4715a6de10dafcdb9c2906b77b2cd83d') in 0.010468 seconds 
  Import took 0.015029 seconds .

========================================================================
Received Import Request.
  Time since last request: 0.000261 seconds.
  path: Assets/tilesler/tiles_10.asset
  artifactKey: Guid(70b6c1ae937659c498f554ab76edc7d6) Importer(815301076,1909f56bfc062723c751e8b465ee728b)
Start importing Assets/tilesler/tiles_10.asset using Guid(70b6c1ae937659c498f554ab76edc7d6) Importer(815301076,1909f56bfc062723c751e8b465ee728b)  -> (artifact id: 'e77c302f1e8ad4e68cd521cf48187842') in 0.010256 seconds 
  Import took 0.014658 seconds .

========================================================================
Received Import Request.
  Time since last request: 0.000291 seconds.
  path: Assets/tilesler/tiles_2.asset
  artifactKey: Guid(2065a6da59cb71346bc531c6b1b644da) Importer(815301076,1909f56bfc062723c751e8b465ee728b)
Start importing Assets/tilesler/tiles_2.asset using Guid(2065a6da59cb71346bc531c6b1b644da) Importer(815301076,1909f56bfc062723c751e8b465ee728b)  -> (artifact id: '274897d8affaac4720f7cd3dff2d52d4') in 0.011637 seconds 
  Import took 0.016832 seconds .

========================================================================
Received Import Request.
  Time since last request: 0.000399 seconds.
  path: Assets/tilesler/tiles_11.asset
  artifactKey: Guid(2d44e70bce0e83949b99dfe8eeb6b01f) Importer(815301076,1909f56bfc062723c751e8b465ee728b)
Start importing Assets/tilesler/tiles_11.asset using Guid(2d44e70bce0e83949b99dfe8eeb6b01f) Importer(815301076,1909f56bfc062723c751e8b465ee728b)  -> (artifact id: 'ce467f4a608717b88af3d775c3c1c04f') in 0.013753 seconds 
  Import took 0.017554 seconds .

========================================================================
Received Import Request.
  Time since last request: 2.025285 seconds.
  path: Assets/prefablar/sekmeboxcollider.prefab
  artifactKey: Guid(fbec8091e193f804895375e1b4bb9d0a) Importer(815301076,1909f56bfc062723c751e8b465ee728b)
Start importing Assets/prefablar/sekmeboxcollider.prefab using Guid(fbec8091e193f804895375e1b4bb9d0a) Importer(815301076,1909f56bfc062723c751e8b465ee728b)  -> (artifact id: '4c57eefca3aececa3071d912e4aad476') in 0.010003 seconds 
  Import took 0.013589 seconds .

========================================================================
Received Import Request.
  Time since last request: 0.618215 seconds.
  path: Assets/material/bouncemat.physicsMaterial2D
  artifactKey: Guid(78708e3c1c6acbd499613d8cd7929b2f) Importer(815301076,1909f56bfc062723c751e8b465ee728b)
Start importing Assets/material/bouncemat.physicsMaterial2D using Guid(78708e3c1c6acbd499613d8cd7929b2f) Importer(815301076,1909f56bfc062723c751e8b465ee728b)  -> (artifact id: 'db9b75c7290944f877d816b1e5c30925') in 0.006717 seconds 
  Import took 0.010787 seconds .

========================================================================
Received Import Request.
  Time since last request: 0.000281 seconds.
  path: Assets/material/New Material.mat
  artifactKey: Guid(4a708000e8b87424997adead5d6a44ab) Importer(815301076,1909f56bfc062723c751e8b465ee728b)
Start importing Assets/material/New Material.mat using Guid(4a708000e8b87424997adead5d6a44ab) Importer(815301076,1909f56bfc062723c751e8b465ee728b)  -> (artifact id: 'f8ae9a1c25ac3a76e798e42e25e3e85e') in 0.120017 seconds 
  Import took 0.123184 seconds .

========================================================================
Received Import Request.
  Time since last request: 0.000274 seconds.
  path: Assets/material/normalMat.physicsMaterial2D
  artifactKey: Guid(fb82abde2cbbca84ba614e68830751b0) Importer(815301076,1909f56bfc062723c751e8b465ee728b)
Start importing Assets/material/normalMat.physicsMaterial2D using Guid(fb82abde2cbbca84ba614e68830751b0) Importer(815301076,1909f56bfc062723c751e8b465ee728b)  -> (artifact id: 'be15e712aafbd271f6668dc2169c8613') in 0.007299 seconds 
  Import took 0.011222 seconds .

========================================================================
Received Import Request.
  Time since last request: 0.000232 seconds.
  path: Assets/material/sekmemat.physicsMaterial2D
  artifactKey: Guid(3a57fa4a0798f1144aa91950cd678170) Importer(815301076,1909f56bfc062723c751e8b465ee728b)
Start importing Assets/material/sekmemat.physicsMaterial2D using Guid(3a57fa4a0798f1144aa91950cd678170) Importer(815301076,1909f56bfc062723c751e8b465ee728b)  -> (artifact id: 'b8a0e30ccb39b598a587beab09525ea6') in 0.007940 seconds 
  Import took 0.012381 seconds .

========================================================================
Received Import Request.
  Time since last request: 7.679240 seconds.
  path: Assets/BayatGames/Free Platform Game Assets
  artifactKey: Guid(fca484a638c989e4d899378f52d7c168) Importer(815301076,1909f56bfc062723c751e8b465ee728b)
Start importing Assets/BayatGames/Free Platform Game Assets using Guid(fca484a638c989e4d899378f52d7c168) Importer(815301076,1909f56bfc062723c751e8b465ee728b)  -> (artifact id: '0120225e48bde8cac3b770120d18dc87') in 0.005064 seconds 
  Import took 0.008339 seconds .

========================================================================
Received Import Request.
  Time since last request: 1.111943 seconds.
  path: Assets/BayatGames/Free Platform Game Assets/GUI ( Update 1.7 )
  artifactKey: Guid(00fb8ddcecb19e2478f01757463055bd) Importer(815301076,1909f56bfc062723c751e8b465ee728b)
Start importing Assets/BayatGames/Free Platform Game Assets/GUI ( Update 1.7 ) using Guid(00fb8ddcecb19e2478f01757463055bd) Importer(815301076,1909f56bfc062723c751e8b465ee728b)  -> (artifact id: 'b768e79e1cee0aefe11c24c8aec3b704') in 0.005511 seconds 
  Import took 0.009337 seconds .

========================================================================
Received Import Request.
  Time since last request: 26.705745 seconds.
  path: Assets/kodlar/kontrol.cs
  artifactKey: Guid(72723faa8daee054d83c19b784998f4a) Importer(815301076,1909f56bfc062723c751e8b465ee728b)
Start importing Assets/kodlar/kontrol.cs using Guid(72723faa8daee054d83c19b784998f4a) Importer(815301076,1909f56bfc062723c751e8b465ee728b)  -> (artifact id: '639f7c0656657790416fc7f0af03189a') in 0.007857 seconds 
  Import took 0.010966 seconds .

========================================================================
Received Prepare
Registering precompiled user dll's ...
Registered in 0.006180 seconds.
Begin MonoManager ReloadAssembly
Native extension for WindowsStandalone target not found
Native extension for WebGL target not found
Refreshing native plugins compatible for Editor in 0.98 ms, found 3 plugins.
Preloading 0 native plugins for Editor in 0.00 ms.
Mono: successfully reloaded assembly
- Completed reload, in  1.491 seconds
Domain Reload Profiling:
	ReloadAssembly (1491ms)
		BeginReloadAssembly (151ms)
			ExecutionOrderSort (0ms)
			DisableScriptedObjects (10ms)
			BackupInstance (0ms)
			ReleaseScriptingObjects (0ms)
			CreateAndSetChildDomain (46ms)
		EndReloadAssembly (1231ms)
			LoadAssemblies (126ms)
			RebuildTransferFunctionScriptingTraits (0ms)
			SetupTypeCache (471ms)
			ReleaseScriptCaches (1ms)
			RebuildScriptCaches (68ms)
			SetupLoadedEditorAssemblies (415ms)
				LogAssemblyErrors (0ms)
				InitializePlatformSupportModulesInManaged (11ms)
				SetLoadedEditorAssemblies (1ms)
				RefreshPlugins (1ms)
				BeforeProcessingInitializeOnLoad (140ms)
				ProcessInitializeOnLoadAttributes (244ms)
				ProcessInitializeOnLoadMethodAttributes (13ms)
				AfterProcessingInitializeOnLoad (4ms)
				EditorAssembliesLoaded (0ms)
			ExecutionOrderSort2 (0ms)
			AwakeInstancesAfterBackupRestoration (14ms)
Platform modules already initialized, skipping
Refreshing native plugins compatible for Editor in 0.84 ms, found 3 plugins.
Preloading 0 native plugins for Editor in 0.00 ms.
Unloading 2190 Unused Serialized files (Serialized files now loaded: 0)
System memory in use before: 99.5 MB.
System memory in use after: 99.7 MB.

Unloading 17 unused Assets to reduce memory usage. Loaded Objects now: 2718.
Total: 2.935700 ms (FindLiveObjects: 0.208000 ms CreateObjectMapping: 0.137400 ms MarkObjects: 2.572600 ms  DeleteObjects: 0.016400 ms)

AssetImportParameters requested are different than current active one (requested -> active):
  custom:framework-win-MediaFoundation: 216162199b28c13a410421893ffa2e32 -> 
  custom:video-decoder-ogg-theora: a1e56fd34408186e4bbccfd4996cb3dc -> 
  custom:container-muxer-webm: aa71ff27fc2769a1b78a27578f13a17b -> 
  custom:container-demuxer-webm: 4f35f7cbe854078d1ac9338744f61a02 -> 
  custom:container-demuxer-ogg: 62fdf1f143b41e24485cea50d1cbac27 -> 
  custom:video-encoder-webm-vp8: eb34c28f22e8b96e1ab97ce403110664 -> 
  custom:video-decoder-webm-vp8: 9c59270c3fd7afecdb556c50c9e8de78 -> 
  custom:audio-decoder-ogg-vorbis: bf7c407c2cedff20999df2af8eb42d56 -> 
  custom:audio-encoder-webm-vorbis: bf7c407c2cedff20999df2af8eb42d56 -> 
AssetImportWorkerClient::OnTransportError - code=2 error=End of file
